# JRE version: OpenJDK Runtime Environment Temurin-17.0.7+7 (17.0.7+7) (build 17.0.7+7)
# Java VM: OpenJDK 64-Bit Server VM Temurin-17.0.7+7 (17.0.7+7, mixed mode, sharing, tiered, compressed oops, compressed class ptrs, g1 gc, windows-amd64)
GC Precious Log:
 CPUs: 8 total, 8 available
 Memory: 3812M
 Large Page Support: Disabled
 NUMA Support: Disabled
 Compressed Oops: Enabled (Zero based)
 Heap Region Size: 2M
 Heap Min Capacity: 512M
 Heap Initial Capacity: 512M
 Heap Max Capacity: 4072M
 Pre-touch: Disabled
 Parallel Workers: 8
 Concurrent Workers: 2
 Concurrent Refinement Workers: 8
 Periodic GC: Disabled
 String Deduplication is enabled
Heap:
 garbage-first heap   total 524288K, used 106398K [0x0000000701800000, 0x0000000800000000)
  region size 2048K, 16 young (32768K), 1 survivors (2048K)
 Metaspace       used 88702K, committed 89280K, reserved 1179648K
  class space    used 12155K, committed 12416K, reserved 1048576K
GC Heap History (20 events):
Event: 15043.165 GC heap before
{Heap before GC invocations=195 (full 17):
 garbage-first heap   total 524288K, used 148846K [0x0000000701800000, 0x0000000800000000)
  region size 2048K, 40 young (81920K), 2 survivors (4096K)
 Metaspace       used 88324K, committed 88832K, reserved 1179648K
  class space    used 12143K, committed 12416K, reserved 1048576K
}
Event: 15043.176 GC heap after
{Heap after GC invocations=196 (full 17):
 garbage-first heap   total 524288K, used 70988K [0x0000000701800000, 0x0000000800000000)
  region size 2048K, 1 young (2048K), 1 survivors (2048K)
 Metaspace       used 88324K, committed 88832K, reserved 1179648K
  class space    used 12143K, committed 12416K, reserved 1048576K
}
Event: 15067.124 GC heap before
{Heap before GC invocations=196 (full 17):
 garbage-first heap   total 524288K, used 150860K [0x0000000701800000, 0x0000000800000000)
  region size 2048K, 40 young (81920K), 1 survivors (2048K)
 Metaspace       used 88325K, committed 88832K, reserved 1179648K
  class space    used 12143K, committed 12416K, reserved 1048576K
}
Event: 15067.127 GC heap after
{Heap after GC invocations=197 (full 17):
 garbage-first heap   total 524288K, used 70972K [0x0000000701800000, 0x0000000800000000)
  region size 2048K, 1 young (2048K), 1 survivors (2048K)
 Metaspace       used 88325K, committed 88832K, reserved 1179648K
  class space    used 12143K, committed 12416K, reserved 1048576K
}
Event: 15071.719 GC heap before
{Heap before GC invocations=197 (full 17):
 garbage-first heap   total 524288K, used 150844K [0x0000000701800000, 0x0000000800000000)
  region size 2048K, 40 young (81920K), 1 survivors (2048K)
 Metaspace       used 88344K, committed 88896K, reserved 1179648K
  class space    used 12143K, committed 12416K, reserved 1048576K
}
Event: 15071.728 GC heap after
{Heap after GC invocations=198 (full 17):
 garbage-first heap   total 524288K, used 71791K [0x0000000701800000, 0x0000000800000000)
  region size 2048K, 2 young (4096K), 2 survivors (4096K)
 Metaspace       used 88344K, committed 88896K, reserved 1179648K
  class space    used 12143K, committed 12416K, reserved 1048576K
}
Event: 15136.872 GC heap before
{Heap before GC invocations=198 (full 17):
 garbage-first heap   total 524288K, used 149615K [0x0000000701800000, 0x0000000800000000)
  region size 2048K, 40 young (81920K), 2 survivors (4096K)
 Metaspace       used 88363K, committed 88960K, reserved 1179648K
  class space    used 12143K, committed 12416K, reserved 1048576K
}
Event: 15136.882 GC heap after
{Heap after GC invocations=199 (full 17):
 garbage-first heap   total 524288K, used 71115K [0x0000000701800000, 0x0000000800000000)
  region size 2048K, 1 young (2048K), 1 survivors (2048K)
 Metaspace       used 88363K, committed 88960K, reserved 1179648K
  class space    used 12143K, committed 12416K, reserved 1048576K
}
Event: 15167.697 GC heap before
{Heap before GC invocations=199 (full 17):
 garbage-first heap   total 524288K, used 150987K [0x0000000701800000, 0x0000000800000000)
  region size 2048K, 40 young (81920K), 1 survivors (2048K)
 Metaspace       used 88379K, committed 88960K, reserved 1179648K
  class space    used 12143K, committed 12416K, reserved 1048576K
}
Event: 15167.703 GC heap after
{Heap after GC invocations=200 (full 17):
 garbage-first heap   total 524288K, used 71346K [0x0000000701800000, 0x0000000800000000)
  region size 2048K, 2 young (4096K), 2 survivors (4096K)
 Metaspace       used 88379K, committed 88960K, reserved 1179648K
  class space    used 12143K, committed 12416K, reserved 1048576K
}
Event: 15168.663 GC heap before
{Heap before GC invocations=200 (full 17):
 garbage-first heap   total 524288K, used 149170K [0x0000000701800000, 0x0000000800000000)
  region size 2048K, 40 young (81920K), 2 survivors (4096K)
 Metaspace       used 88380K, committed 88960K, reserved 1179648K
  class space    used 12143K, committed 12416K, reserved 1048576K
}
Event: 15168.667 GC heap after
{Heap after GC invocations=201 (full 17):
 garbage-first heap   total 524288K, used 71095K [0x0000000701800000, 0x0000000800000000)
  region size 2048K, 1 young (2048K), 1 survivors (2048K)
 Metaspace       used 88380K, committed 88960K, reserved 1179648K
  class space    used 12143K, committed 12416K, reserved 1048576K
}
Event: 15191.271 GC heap before
{Heap before GC invocations=201 (full 17):
 garbage-first heap   total 524288K, used 150967K [0x0000000701800000, 0x0000000800000000)
  region size 2048K, 40 young (81920K), 1 survivors (2048K)
 Metaspace       used 88415K, committed 88960K, reserved 1179648K
  class space    used 12144K, committed 12416K, reserved 1048576K
}
Event: 15191.280 GC heap after
{Heap after GC invocations=202 (full 17):
 garbage-first heap   total 524288K, used 71357K [0x0000000701800000, 0x0000000800000000)
  region size 2048K, 1 young (2048K), 1 survivors (2048K)
 Metaspace       used 88415K, committed 88960K, reserved 1179648K
  class space    used 12144K, committed 12416K, reserved 1048576K
}
Event: 15195.631 GC heap before
{Heap before GC invocations=202 (full 17):
 garbage-first heap   total 524288K, used 149181K [0x0000000701800000, 0x0000000800000000)
  region size 2048K, 40 young (81920K), 1 survivors (2048K)
 Metaspace       used 88537K, committed 89088K, reserved 1179648K
  class space    used 12145K, committed 12416K, reserved 1048576K
}
Event: 15195.646 GC heap after
{Heap after GC invocations=203 (full 17):
 garbage-first heap   total 524288K, used 77436K [0x0000000701800000, 0x0000000800000000)
  region size 2048K, 4 young (8192K), 4 survivors (8192K)
 Metaspace       used 88537K, committed 89088K, reserved 1179648K
  class space    used 12145K, committed 12416K, reserved 1048576K
}
Event: 15199.942 GC heap before
{Heap before GC invocations=203 (full 17):
 garbage-first heap   total 524288K, used 151164K [0x0000000701800000, 0x0000000800000000)
  region size 2048K, 40 young (81920K), 4 survivors (8192K)
 Metaspace       used 88566K, committed 89088K, reserved 1179648K
  class space    used 12145K, committed 12416K, reserved 1048576K
}
Event: 15200.034 GC heap after
{Heap after GC invocations=204 (full 17):
 garbage-first heap   total 524288K, used 78528K [0x0000000701800000, 0x0000000800000000)
  region size 2048K, 1 young (2048K), 1 survivors (2048K)
 Metaspace       used 88566K, committed 89088K, reserved 1179648K
  class space    used 12145K, committed 12416K, reserved 1048576K
}
Event: 15206.488 GC heap before
{Heap before GC invocations=204 (full 17):
 garbage-first heap   total 524288K, used 158400K [0x0000000701800000, 0x0000000800000000)
  region size 2048K, 40 young (81920K), 1 survivors (2048K)
 Metaspace       used 88670K, committed 89216K, reserved 1179648K
  class space    used 12145K, committed 12416K, reserved 1048576K
}
Event: 15206.496 GC heap after
{Heap after GC invocations=205 (full 17):
 garbage-first heap   total 524288K, used 77726K [0x0000000701800000, 0x0000000800000000)
  region size 2048K, 1 young (2048K), 1 survivors (2048K)
 Metaspace       used 88670K, committed 89216K, reserved 1179648K
  class space    used 12145K, committed 12416K, reserved 1048576K
}

