# JRE version: OpenJDK Runtime Environment Temurin-17.0.7+7 (17.0.7+7) (build 17.0.7+7)
# Java VM: OpenJDK 64-Bit Server VM Temurin-17.0.7+7 (17.0.7+7, mixed mode, sharing, tiered, compressed oops, compressed class ptrs, g1 gc, windows-amd64)
GC Precious Log:
 CPUs: 8 total, 8 available
 Memory: 3812M
 Large Page Support: Disabled
 NUMA Support: Disabled
 Compressed Oops: Enabled (Zero based)
 Heap Region Size: 2M
 Heap Min Capacity: 512M
 Heap Initial Capacity: 512M
 Heap Max Capacity: 4072M
 Pre-touch: Disabled
 Parallel Workers: 8
 Concurrent Workers: 2
 Concurrent Refinement Workers: 8
 Periodic GC: Disabled
 String Deduplication is enabled
Heap:
 garbage-first heap   total 901120K, used 339954K [0x0000000701800000, 0x0000000800000000)
  region size 2048K, 26 young (53248K), 1 survivors (2048K)
 Metaspace       used 89040K, committed 89664K, reserved 1179648K
  class space    used 12103K, committed 12480K, reserved 1048576K
GC Heap History (20 events):
Event: 76538.935 GC heap before
{Heap before GC invocations=4159 (full 43):
 garbage-first heap   total 901120K, used 369520K [0x0000000701800000, 0x0000000800000000)
  region size 2048K, 40 young (81920K), 1 survivors (2048K)
 Metaspace       used 89006K, committed 89664K, reserved 1179648K
  class space    used 12103K, committed 12480K, reserved 1048576K
}
Event: 76538.939 GC heap after
{Heap after GC invocations=4160 (full 43):
 garbage-first heap   total 901120K, used 290382K [0x0000000701800000, 0x0000000800000000)
  region size 2048K, 1 young (2048K), 1 survivors (2048K)
 Metaspace       used 89006K, committed 89664K, reserved 1179648K
  class space    used 12103K, committed 12480K, reserved 1048576K
}
Event: 76541.984 GC heap before
{Heap before GC invocations=4160 (full 43):
 garbage-first heap   total 901120K, used 370254K [0x0000000701800000, 0x0000000800000000)
  region size 2048K, 41 young (83968K), 1 survivors (2048K)
 Metaspace       used 89011K, committed 89664K, reserved 1179648K
  class space    used 12103K, committed 12480K, reserved 1048576K
}
Event: 76541.991 GC heap after
{Heap after GC invocations=4161 (full 43):
 garbage-first heap   total 901120K, used 290348K [0x0000000701800000, 0x0000000800000000)
  region size 2048K, 1 young (2048K), 1 survivors (2048K)
 Metaspace       used 89011K, committed 89664K, reserved 1179648K
  class space    used 12103K, committed 12480K, reserved 1048576K
}
Event: 76570.439 GC heap before
{Heap before GC invocations=4161 (full 43):
 garbage-first heap   total 901120K, used 370220K [0x0000000701800000, 0x0000000800000000)
  region size 2048K, 40 young (81920K), 1 survivors (2048K)
 Metaspace       used 89025K, committed 89664K, reserved 1179648K
  class space    used 12103K, committed 12480K, reserved 1048576K
}
Event: 76570.448 GC heap after
{Heap after GC invocations=4162 (full 43):
 garbage-first heap   total 901120K, used 290492K [0x0000000701800000, 0x0000000800000000)
  region size 2048K, 1 young (2048K), 1 survivors (2048K)
 Metaspace       used 89025K, committed 89664K, reserved 1179648K
  class space    used 12103K, committed 12480K, reserved 1048576K
}
Event: 76601.659 GC heap before
{Heap before GC invocations=4162 (full 43):
 garbage-first heap   total 901120K, used 368316K [0x0000000701800000, 0x0000000800000000)
  region size 2048K, 40 young (81920K), 1 survivors (2048K)
 Metaspace       used 89028K, committed 89664K, reserved 1179648K
  class space    used 12103K, committed 12480K, reserved 1048576K
}
Event: 76601.665 GC heap after
{Heap after GC invocations=4163 (full 43):
 garbage-first heap   total 901120K, used 290545K [0x0000000701800000, 0x0000000800000000)
  region size 2048K, 1 young (2048K), 1 survivors (2048K)
 Metaspace       used 89028K, committed 89664K, reserved 1179648K
  class space    used 12103K, committed 12480K, reserved 1048576K
}
Event: 76649.745 GC heap before
{Heap before GC invocations=4163 (full 43):
 garbage-first heap   total 901120K, used 370417K [0x0000000701800000, 0x0000000800000000)
  region size 2048K, 40 young (81920K), 1 survivors (2048K)
 Metaspace       used 89037K, committed 89664K, reserved 1179648K
  class space    used 12103K, committed 12480K, reserved 1048576K
}
Event: 76649.753 GC heap after
{Heap after GC invocations=4164 (full 43):
 garbage-first heap   total 901120K, used 290588K [0x0000000701800000, 0x0000000800000000)
  region size 2048K, 1 young (2048K), 1 survivors (2048K)
 Metaspace       used 89037K, committed 89664K, reserved 1179648K
  class space    used 12103K, committed 12480K, reserved 1048576K
}
Event: 76693.431 GC heap before
{Heap before GC invocations=4164 (full 43):
 garbage-first heap   total 901120K, used 370460K [0x0000000701800000, 0x0000000800000000)
  region size 2048K, 40 young (81920K), 1 survivors (2048K)
 Metaspace       used 89038K, committed 89664K, reserved 1179648K
  class space    used 12103K, committed 12480K, reserved 1048576K
}
Event: 76693.434 GC heap after
{Heap after GC invocations=4165 (full 43):
 garbage-first heap   total 901120K, used 290676K [0x0000000701800000, 0x0000000800000000)
  region size 2048K, 1 young (2048K), 1 survivors (2048K)
 Metaspace       used 89038K, committed 89664K, reserved 1179648K
  class space    used 12103K, committed 12480K, reserved 1048576K
}
Event: 76759.822 GC heap before
{Heap before GC invocations=4165 (full 43):
 garbage-first heap   total 901120K, used 370548K [0x0000000701800000, 0x0000000800000000)
  region size 2048K, 40 young (81920K), 1 survivors (2048K)
 Metaspace       used 89038K, committed 89664K, reserved 1179648K
  class space    used 12103K, committed 12480K, reserved 1048576K
}
Event: 76759.830 GC heap after
{Heap after GC invocations=4166 (full 43):
 garbage-first heap   total 901120K, used 290684K [0x0000000701800000, 0x0000000800000000)
  region size 2048K, 1 young (2048K), 1 survivors (2048K)
 Metaspace       used 89038K, committed 89664K, reserved 1179648K
  class space    used 12103K, committed 12480K, reserved 1048576K
}
Event: 76821.072 GC heap before
{Heap before GC invocations=4166 (full 43):
 garbage-first heap   total 901120K, used 370556K [0x0000000701800000, 0x0000000800000000)
  region size 2048K, 40 young (81920K), 1 survivors (2048K)
 Metaspace       used 89038K, committed 89664K, reserved 1179648K
  class space    used 12103K, committed 12480K, reserved 1048576K
}
Event: 76821.078 GC heap after
{Heap after GC invocations=4167 (full 43):
 garbage-first heap   total 901120K, used 290707K [0x0000000701800000, 0x0000000800000000)
  region size 2048K, 1 young (2048K), 1 survivors (2048K)
 Metaspace       used 89038K, committed 89664K, reserved 1179648K
  class space    used 12103K, committed 12480K, reserved 1048576K
}
Event: 76881.170 GC heap before
{Heap before GC invocations=4167 (full 43):
 garbage-first heap   total 901120K, used 370579K [0x0000000701800000, 0x0000000800000000)
  region size 2048K, 40 young (81920K), 1 survivors (2048K)
 Metaspace       used 89038K, committed 89664K, reserved 1179648K
  class space    used 12103K, committed 12480K, reserved 1048576K
}
Event: 76881.174 GC heap after
{Heap after GC invocations=4168 (full 43):
 garbage-first heap   total 901120K, used 290744K [0x0000000701800000, 0x0000000800000000)
  region size 2048K, 1 young (2048K), 1 survivors (2048K)
 Metaspace       used 89038K, committed 89664K, reserved 1179648K
  class space    used 12103K, committed 12480K, reserved 1048576K
}
Event: 76917.279 GC heap before
{Heap before GC invocations=4168 (full 43):
 garbage-first heap   total 901120K, used 370616K [0x0000000701800000, 0x0000000800000000)
  region size 2048K, 40 young (81920K), 1 survivors (2048K)
 Metaspace       used 89039K, committed 89664K, reserved 1179648K
  class space    used 12103K, committed 12480K, reserved 1048576K
}
Event: 76917.284 GC heap after
{Heap after GC invocations=4169 (full 43):
 garbage-first heap   total 901120K, used 290802K [0x0000000701800000, 0x0000000800000000)
  region size 2048K, 1 young (2048K), 1 survivors (2048K)
 Metaspace       used 89039K, committed 89664K, reserved 1179648K
  class space    used 12103K, committed 12480K, reserved 1048576K
}

